# JRE version: OpenJDK Runtime Environment (11.0.7+9) (build 11.0.7-ea+9-post-Debian-1)
# Java VM: OpenJDK 64-Bit Server VM (11.0.7-ea+9-post-Debian-1, mixed mode, sharing, tiered, compressed oops, g1 gc, linux-amd64)
Heap:
 garbage-first heap   total 365568K, used 105057K [0x00000000a0000000, 0x0000000100000000)
  region size 1024K, 4 young (4096K), 4 survivors (4096K)
 Metaspace       used 90295K, capacity 92622K, committed 92752K, reserved 1130496K
  class space    used 11571K, capacity 12346K, committed 12412K, reserved 1048576K
GC Heap History (20 events):
Event: 42.582 GC heap after
{Heap after GC invocations=30 (full 0):
 garbage-first heap   total 196608K, used 87914K [0x00000000a0000000, 0x0000000100000000)
  region size 1024K, 1 young (1024K), 1 survivors (1024K)
 Metaspace       used 89678K, capacity 91936K, committed 92240K, reserved 1128448K
  class space    used 11563K, capacity 12338K, committed 12412K, reserved 1048576K
}
Event: 43.163 GC heap before
{Heap before GC invocations=30 (full 0):
 garbage-first heap   total 196608K, used 156522K [0x00000000a0000000, 0x0000000100000000)
  region size 1024K, 68 young (69632K), 1 survivors (1024K)
 Metaspace       used 89744K, capacity 92009K, committed 92240K, reserved 1128448K
  class space    used 11565K, capacity 12341K, committed 12412K, reserved 1048576K
}
Event: 43.170 GC heap after
{Heap after GC invocations=31 (full 0):
 garbage-first heap   total 196608K, used 88303K [0x00000000a0000000, 0x0000000100000000)
  region size 1024K, 2 young (2048K), 2 survivors (2048K)
 Metaspace       used 89744K, capacity 92009K, committed 92240K, reserved 1128448K
  class space    used 11565K, capacity 12341K, committed 12412K, reserved 1048576K
}
Event: 43.629 GC heap before
{Heap before GC invocations=32 (full 0):
 garbage-first heap   total 196608K, used 157935K [0x00000000a0000000, 0x0000000100000000)
  region size 1024K, 70 young (71680K), 2 survivors (2048K)
 Metaspace       used 89755K, capacity 92015K, committed 92240K, reserved 1128448K
  class space    used 11565K, capacity 12342K, committed 12412K, reserved 1048576K
}
Event: 43.649 GC heap after
{Heap after GC invocations=33 (full 0):
 garbage-first heap   total 196608K, used 90561K [0x00000000a0000000, 0x0000000100000000)
  region size 1024K, 4 young (4096K), 4 survivors (4096K)
 Metaspace       used 89755K, capacity 92015K, committed 92240K, reserved 1128448K
  class space    used 11565K, capacity 12342K, committed 12412K, reserved 1048576K
}
Event: 43.660 GC heap before
{Heap before GC invocations=33 (full 0):
 garbage-first heap   total 196608K, used 94657K [0x00000000a0000000, 0x0000000100000000)
  region size 1024K, 9 young (9216K), 4 survivors (4096K)
 Metaspace       used 89755K, capacity 92015K, committed 92240K, reserved 1128448K
  class space    used 11565K, capacity 12342K, committed 12412K, reserved 1048576K
}
Event: 43.667 GC heap after
{Heap after GC invocations=34 (full 0):
 garbage-first heap   total 196608K, used 89869K [0x00000000a0000000, 0x0000000100000000)
  region size 1024K, 1 young (1024K), 1 survivors (1024K)
 Metaspace       used 89755K, capacity 92015K, committed 92240K, reserved 1128448K
  class space    used 11565K, capacity 12342K, committed 12412K, reserved 1048576K
}
Event: 43.964 GC heap before
{Heap before GC invocations=34 (full 0):
 garbage-first heap   total 196608K, used 159501K [0x00000000a0000000, 0x0000000100000000)
  region size 1024K, 69 young (70656K), 1 survivors (1024K)
 Metaspace       used 89822K, capacity 92082K, committed 92240K, reserved 1128448K
  class space    used 11566K, capacity 12342K, committed 12412K, reserved 1048576K
}
Event: 43.988 GC heap after
{Heap after GC invocations=35 (full 0):
 garbage-first heap   total 196608K, used 95709K [0x00000000a0000000, 0x0000000100000000)
  region size 1024K, 7 young (7168K), 7 survivors (7168K)
 Metaspace       used 89822K, capacity 92082K, committed 92240K, reserved 1128448K
  class space    used 11566K, capacity 12342K, committed 12412K, reserved 1048576K
}
Event: 44.407 GC heap before
{Heap before GC invocations=35 (full 0):
 garbage-first heap   total 196608K, used 161245K [0x00000000a0000000, 0x0000000100000000)
  region size 1024K, 71 young (72704K), 7 survivors (7168K)
 Metaspace       used 89878K, capacity 92210K, committed 92496K, reserved 1130496K
  class space    used 11567K, capacity 12342K, committed 12412K, reserved 1048576K
}
Event: 44.435 GC heap after
{Heap after GC invocations=36 (full 0):
 garbage-first heap   total 196608K, used 100250K [0x00000000a0000000, 0x0000000100000000)
  region size 1024K, 5 young (5120K), 5 survivors (5120K)
 Metaspace       used 89878K, capacity 92210K, committed 92496K, reserved 1130496K
  class space    used 11567K, capacity 12342K, committed 12412K, reserved 1048576K
}
Event: 44.881 GC heap before
{Heap before GC invocations=37 (full 0):
 garbage-first heap   total 196608K, used 160666K [0x00000000a0000000, 0x0000000100000000)
  region size 1024K, 65 young (66560K), 5 survivors (5120K)
 Metaspace       used 89944K, capacity 92275K, committed 92496K, reserved 1130496K
  class space    used 11567K, capacity 12342K, committed 12412K, reserved 1048576K
}
Event: 44.906 GC heap after
{Heap after GC invocations=38 (full 0):
 garbage-first heap   total 246784K, used 101723K [0x00000000a0000000, 0x0000000100000000)
  region size 1024K, 7 young (7168K), 7 survivors (7168K)
 Metaspace       used 89944K, capacity 92275K, committed 92496K, reserved 1130496K
  class space    used 11567K, capacity 12342K, committed 12412K, reserved 1048576K
}
Event: 44.936 GC heap before
{Heap before GC invocations=38 (full 0):
 garbage-first heap   total 246784K, used 106843K [0x00000000a0000000, 0x0000000100000000)
  region size 1024K, 12 young (12288K), 7 survivors (7168K)
 Metaspace       used 89960K, capacity 92275K, committed 92496K, reserved 1130496K
  class space    used 11567K, capacity 12342K, committed 12412K, reserved 1048576K
}
Event: 44.957 GC heap after
{Heap after GC invocations=39 (full 0):
 garbage-first heap   total 246784K, used 102546K [0x00000000a0000000, 0x0000000100000000)
  region size 1024K, 1 young (1024K), 1 survivors (1024K)
 Metaspace       used 89960K, capacity 92275K, committed 92496K, reserved 1130496K
  class space    used 11567K, capacity 12342K, committed 12412K, reserved 1048576K
}
Event: 45.478 GC heap before
{Heap before GC invocations=39 (full 0):
 garbage-first heap   total 246784K, used 187538K [0x00000000a0000000, 0x0000000100000000)
  region size 1024K, 84 young (86016K), 1 survivors (1024K)
 Metaspace       used 90043K, capacity 92346K, committed 92496K, reserved 1130496K
  class space    used 11567K, capacity 12342K, committed 12412K, reserved 1048576K
}
Event: 45.514 GC heap after
{Heap after GC invocations=40 (full 0):
 garbage-first heap   total 246784K, used 103453K [0x00000000a0000000, 0x0000000100000000)
  region size 1024K, 2 young (2048K), 2 survivors (2048K)
 Metaspace       used 90043K, capacity 92346K, committed 92496K, reserved 1130496K
  class space    used 11567K, capacity 12342K, committed 12412K, reserved 1048576K
}
Event: 46.066 GC heap before
{Heap before GC invocations=40 (full 0):
 garbage-first heap   total 246784K, used 196637K [0x00000000a0000000, 0x0000000100000000)
  region size 1024K, 93 young (95232K), 2 survivors (2048K)
 Metaspace       used 90166K, capacity 92477K, committed 92752K, reserved 1130496K
  class space    used 11567K, capacity 12342K, committed 12412K, reserved 1048576K
}
Event: 46.082 GC heap after
{Heap after GC invocations=41 (full 0):
 garbage-first heap   total 246784K, used 103570K [0x00000000a0000000, 0x0000000100000000)
  region size 1024K, 2 young (2048K), 2 survivors (2048K)
 Metaspace       used 90166K, capacity 92477K, committed 92752K, reserved 1130496K
  class space    used 11567K, capacity 12342K, committed 12412K, reserved 1048576K
}
Event: 46.696 GC heap before
{Heap before GC invocations=41 (full 0):
 garbage-first heap   total 246784K, used 198802K [0x00000000a0000000, 0x0000000100000000)
  region size 1024K, 95 young (97280K), 2 survivors (2048K)
 Metaspace       used 90295K, capacity 92622K, committed 92752K, reserved 1130496K
  class space    used 11571K, capacity 12346K, committed 12412K, reserved 1048576K
}

